2025-01-12 11:42:24,738 - my_logger - ERROR - Request failed with status code: 500
2025-01-12 11:42:24,738 - my_logger - ERROR - block_category_rank no result.
2025-01-12 11:44:00,122 - my_logger - ERROR - Request failed with status code: 500
2025-01-12 11:44:00,123 - my_logger - ERROR - block_category_rank no result.
2025-01-12 11:55:36,260 - my_logger - ERROR - Request failed with status code: 500
2025-01-12 11:55:36,261 - my_logger - ERROR - block_category_rank no result.
2025-01-13 15:56:12,813 - my_logger - INFO - 异步委托成功，股票代码: 000785.SZ, 委托价格: 3.42, 委托数量: 100
2025-01-13 15:56:12,813 - my_logger - INFO - 异步委托回调 投资备注: 
2025-01-13 15:56:12,829 - my_logger - ERROR - 委托报错回调  限价买入 [SZ000785] [AGENT] [COUNTER] [120147][当前时间不允许委托]
[curr_time=155613]

2025-01-13 16:14:18,481 - my_logger - INFO - 账户ID: 8886660057, 可用资金: 9644.5, 冻结资金: 0.0, 市值: 363.0, 总资产: 9986.5
2025-01-13 16:14:18,481 - my_logger - INFO - 000785.SZ 全推行情： {}
2025-01-13 16:14:36,018 - my_logger - INFO - 账户ID: 8886660057, 可用资金: 9644.5, 冻结资金: 0.0, 市值: 363.0, 总资产: 9986.5
2025-01-13 16:14:36,018 - my_logger - INFO - 000785.SZ 全推行情： {}
2025-01-13 16:23:18,071 - my_logger - INFO - 账户ID: 8886660057, 可用资金: 9644.5, 冻结资金: 0.0, 市值: 363.0, 总资产: 9986.5
2025-01-13 16:23:18,071 - my_logger - INFO - 000785.SZ 全推行情： {}
2025-01-13 16:28:17,859 - my_logger - INFO - 账户ID: 8886660057, 可用资金: 9644.5, 冻结资金: 0.0, 市值: 363.0, 总资产: 9986.5
2025-01-13 16:28:17,859 - my_logger - INFO - 000785.SZ 全推行情： {}
2025-01-13 16:28:46,417 - my_logger - INFO - 账户ID: 8886660057, 可用资金: 9644.5, 冻结资金: 0.0, 市值: 363.0, 总资产: 9986.5
2025-01-13 16:28:46,417 - my_logger - INFO - 000785.SZ 全推行情： {}
2025-01-13 16:32:57,783 - my_logger - INFO - 构建全市场股票字典完毕。 共3176个
2025-01-13 16:32:59,828 - my_logger - INFO - 账户ID: 8886660057, 可用资金: 9644.5, 冻结资金: 0.0, 市值: 363.0, 总资产: 9986.5
2025-01-13 16:32:59,828 - my_logger - INFO - 000785.SZ 全推行情： {}
2025-01-13 16:46:52,473 - my_logger - INFO - 构建全市场股票字典完毕。 共3176个
2025-01-13 16:46:56,341 - my_logger - INFO - 账户ID: 8886660057, 可用资金: 9644.5, 冻结资金: 0.0, 市值: 363.0, 总资产: 9986.5
2025-01-13 16:46:56,341 - my_logger - INFO - 000785.SZ 全推行情： {}
2025-01-13 16:47:28,482 - my_logger - INFO - 构建全市场股票字典完毕。 共3176个
2025-01-13 16:47:31,851 - my_logger - INFO - 账户ID: 8886660057, 可用资金: 9644.5, 冻结资金: 0.0, 市值: 363.0, 总资产: 9986.5
2025-01-13 16:47:31,851 - my_logger - INFO - 000785.SZ 全推行情： {}
2025-01-13 16:48:55,672 - my_logger - INFO - 构建全市场股票字典完毕。 共3176个
2025-01-13 16:49:26,004 - my_logger - INFO - 账户ID: 8886660057, 可用资金: 9644.5, 冻结资金: 0.0, 市值: 363.0, 总资产: 9986.5
2025-01-13 16:49:26,004 - my_logger - INFO - 000785.SZ 全推行情： {}
2025-01-13 16:49:41,819 - my_logger - INFO - 构建全市场股票字典完毕。 共3176个
2025-01-13 16:49:43,695 - my_logger - INFO - 账户ID: 8886660057, 可用资金: 9644.5, 冻结资金: 0.0, 市值: 363.0, 总资产: 9986.5
2025-01-13 16:49:43,695 - my_logger - INFO - 000785.SZ 全推行情： {}
2025-01-13 16:50:15,032 - my_logger - INFO - 构建全市场股票字典完毕。 共3176个
2025-01-13 16:50:17,100 - my_logger - INFO - 账户ID: 8886660057, 可用资金: 9644.5, 冻结资金: 0.0, 市值: 363.0, 总资产: 9986.5
2025-01-13 16:50:17,100 - my_logger - INFO - 000785.SZ 全推行情： {}
2025-01-13 16:50:50,209 - my_logger - INFO - 构建全市场股票字典完毕。 共3176个
2025-01-13 16:50:52,126 - my_logger - INFO - 账户ID: 8886660057, 可用资金: 9644.5, 冻结资金: 0.0, 市值: 363.0, 总资产: 9986.5
2025-01-13 16:50:52,126 - my_logger - INFO - 000785.SZ 全推行情： {}
2025-01-13 16:51:52,768 - my_logger - INFO - 构建全市场股票字典完毕。 共3176个
2025-01-13 16:51:52,804 - my_logger - INFO - 账户ID: 8886660057, 可用资金: 9644.5, 冻结资金: 0.0, 市值: 363.0, 总资产: 9986.5
2025-01-13 16:51:52,804 - my_logger - INFO - 000785.SZ 全推行情： {}
2025-01-13 17:07:17,537 - my_logger - INFO - 构建全市场股票字典完毕。 共3176个
2025-01-13 17:07:17,598 - my_logger - INFO - 账户ID: 8886660057, 可用资金: 9644.5, 冻结资金: 0.0, 市值: 342.0, 总资产: 9986.5
2025-01-13 17:07:17,599 - my_logger - INFO - 000785.SZ 全推行情： {'000785.SZ': {'timetag': '20250113 15:00:00', 'lastPrice': 3.42, 'open': 3.43, 'high': 3.58, 'low': 3.33, 'lastClose': 3.63, 'amount': 558232700, 'volume': 1628114, 'pvolume': 162811434, 'stockStatus': 5, 'openInt': 15, 'settlementPrice': 0, 'lastSettlementPrice': 3.63, 'askPrice': [3.43, 3.44, 3.45, 0, 0], 'bidPrice': [3.42, 3.41, 3.4, 0, 0], 'askVol': [6277, 5714, 5655, 0, 0], 'bidVol': [5501, 10809, 10779, 0, 0]}}
2025-01-13 17:07:17,599 - my_logger - INFO - 当前可用资金 9644.5 目标买入金额 1000 买入股数 200股
2025-01-13 17:07:17,630 - my_logger - INFO - 异步委托成功，股票代码: 000785.SZ, 委托价格: 3.42, 委托数量: 200
2025-01-13 17:07:17,631 - my_logger - INFO - 异步委托回调 投资备注: 
2025-01-13 17:07:17,654 - my_logger - ERROR - 委托报错回调  限价买入 [SZ000785] [AGENT] [COUNTER] [120147][当前时间不允许委托]
[init_date=20250113,curr_date=20250113,curr_ti
